  AI_ghost.c
c:\users\user\documents\github\pacman\pacman\pacman\ai_ghost.c(70): warning C4047: 'function': 'int (*)[10]' differs in levels of indirection from 'int'
c:\users\user\documents\github\pacman\pacman\pacman\ai_ghost.c(70): warning C4024: 'BFS_next': different types for formal and actual parameter 1
c:\users\user\documents\github\pacman\pacman\pacman\ai_ghost.c(79): warning C4047: 'function': 'int (*)[10]' differs in levels of indirection from 'int'
c:\users\user\documents\github\pacman\pacman\pacman\ai_ghost.c(79): warning C4024: 'BFS_next': different types for formal and actual parameter 1
c:\users\user\documents\github\pacman\pacman\pacman\ai_ghost.c(86): warning C4047: 'function': 'int (*)[10]' differs in levels of indirection from 'int'
c:\users\user\documents\github\pacman\pacman\pacman\ai_ghost.c(86): warning C4024: 'BFS_next': different types for formal and actual parameter 1
c:\users\user\documents\github\pacman\pacman\pacman\ai_ghost.c(93): warning C4047: 'function': 'int (*)[10]' differs in levels of indirection from 'int'
c:\users\user\documents\github\pacman\pacman\pacman\ai_ghost.c(93): warning C4024: 'BFS_next': different types for formal and actual parameter 1
c:\users\user\documents\github\pacman\pacman\pacman\ai_ghost.c(100): warning C4047: 'function': 'int (*)[10]' differs in levels of indirection from 'int'
c:\users\user\documents\github\pacman\pacman\pacman\ai_ghost.c(100): warning C4024: 'BFS_next': different types for formal and actual parameter 1
c:\users\user\documents\github\pacman\pacman\pacman\ai_ghost.c(111): warning C4047: 'function': 'int (*)[10]' differs in levels of indirection from 'int'
c:\users\user\documents\github\pacman\pacman\pacman\ai_ghost.c(111): warning C4024: 'PinkyAI_logic': different types for formal and actual parameter 1
c:\users\user\documents\github\pacman\pacman\pacman\ai_ghost.c(120): warning C4047: 'function': 'int (*)[10]' differs in levels of indirection from 'int'
c:\users\user\documents\github\pacman\pacman\pacman\ai_ghost.c(120): warning C4024: 'PinkyAI_logic': different types for formal and actual parameter 1
c:\users\user\documents\github\pacman\pacman\pacman\ai_ghost.c(127): warning C4047: 'function': 'int (*)[10]' differs in levels of indirection from 'int'
c:\users\user\documents\github\pacman\pacman\pacman\ai_ghost.c(127): warning C4024: 'PinkyAI_logic': different types for formal and actual parameter 1
c:\users\user\documents\github\pacman\pacman\pacman\ai_ghost.c(134): warning C4047: 'function': 'int (*)[10]' differs in levels of indirection from 'int'
c:\users\user\documents\github\pacman\pacman\pacman\ai_ghost.c(134): warning C4024: 'PinkyAI_logic': different types for formal and actual parameter 1
c:\users\user\documents\github\pacman\pacman\pacman\ai_ghost.c(141): warning C4047: 'function': 'int (*)[10]' differs in levels of indirection from 'int'
c:\users\user\documents\github\pacman\pacman\pacman\ai_ghost.c(141): warning C4024: 'PinkyAI_logic': different types for formal and actual parameter 1
c:\users\user\documents\github\pacman\pacman\pacman\ai_ghost.c(152): warning C4047: 'function': 'int (*)[10]' differs in levels of indirection from 'int'
c:\users\user\documents\github\pacman\pacman\pacman\ai_ghost.c(152): warning C4024: 'BFS_next': different types for formal and actual parameter 1
c:\users\user\documents\github\pacman\pacman\pacman\ai_ghost.c(154): warning C4047: 'function': 'int (*)[10]' differs in levels of indirection from 'int'
c:\users\user\documents\github\pacman\pacman\pacman\ai_ghost.c(154): warning C4024: 'BFS_next': different types for formal and actual parameter 1
  Pacman.vcxproj -> C:\Users\User\Documents\GitHub\Pacman\Pacman\Debug\Pacman.exe
