c:\users\uros\documents\github\pacman\pacman\pacman\debug\vc141.pdb
c:\users\uros\documents\github\pacman\pacman\pacman\debug\vc141.idb
c:\users\uros\documents\github\pacman\pacman\pacman\debug\ai_ghost.obj
c:\users\uros\documents\github\pacman\pacman\pacman\debug\game.obj
c:\users\uros\documents\github\pacman\pacman\pacman\debug\gamegraphics.obj
c:\users\uros\documents\github\pacman\pacman\pacman\debug\ghosts.obj
c:\users\uros\documents\github\pacman\pacman\pacman\debug\graphicsmenu.obj
c:\users\uros\documents\github\pacman\pacman\pacman\debug\highscores.obj
c:\users\uros\documents\github\pacman\pacman\pacman\debug\main.obj
c:\users\uros\documents\github\pacman\pacman\pacman\debug\gamegraphics.obj.enc
c:\users\uros\documents\github\pacman\pacman\debug\pacman.pdb
c:\users\uros\documents\github\pacman\pacman\pacman\debug\pacman.tlog\cl.command.1.tlog
c:\users\uros\documents\github\pacman\pacman\pacman\debug\pacman.tlog\cl.read.1.tlog
c:\users\uros\documents\github\pacman\pacman\pacman\debug\pacman.tlog\cl.write.1.tlog
c:\users\uros\documents\github\pacman\pacman\pacman\debug\pacman.tlog\link.9508-cvtres.read.1.tlog
c:\users\uros\documents\github\pacman\pacman\pacman\debug\pacman.tlog\link.9508-cvtres.write.1.tlog
c:\users\uros\documents\github\pacman\pacman\pacman\debug\pacman.tlog\link.9508-rc.read.1.tlog
c:\users\uros\documents\github\pacman\pacman\pacman\debug\pacman.tlog\link.9508-rc.write.1.tlog
c:\users\uros\documents\github\pacman\pacman\pacman\debug\pacman.tlog\link.9508.read.1.tlog
c:\users\uros\documents\github\pacman\pacman\pacman\debug\pacman.tlog\link.9508.write.1.tlog
c:\users\uros\documents\github\pacman\pacman\pacman\debug\pacman.tlog\link.command.1.tlog
c:\users\uros\documents\github\pacman\pacman\pacman\debug\pacman.tlog\link.read.1.tlog
c:\users\uros\documents\github\pacman\pacman\pacman\debug\pacman.tlog\link.write.1.tlog
